<?xml version="1.0" encoding="UTF-8"?>
<!-- Generated by org.testng.reporters.JUnitReportReporter -->
<testsuite name="scripts.flipkartTC1" tests="1" time="59.840" ignored="0" failures="0" timestamp="04 Nov 2019 09:43:15 GMT" skipped="0" hostname="DESKTOP-JOOLFUE" errors="0">
  <testcase name="addProduct" time="59.840" classname="scripts.flipkartTC1"/>
</testsuite> <!-- scripts.flipkartTC1 -->
